#
# A fatal error has been detected by the Java Runtime Environment:
#
#  EXCEPTION_ACCESS_VIOLATION (0xc0000005) at pc=0x00007ff9e116cc96, pid=10584, tid=28592
#
# JRE version: Java(TM) SE Runtime Environment (24.0.2+12) (build 24.0.2+12-54)
# Java VM: Java HotSpot(TM) 64-Bit Server VM (24.0.2+12-54, mixed mode, sharing, tiered, compressed oops, compressed class ptrs, g1 gc, windows-amd64)
# Problematic frame:
# C  [igxelpicd64.dll+0x4cc96]
#
# No core dump will be written. Minidumps are not enabled by default on client versions of Windows
#
# If you would like to submit a bug report, please visit:
#   https://bugreport.java.com/bugreport/crash.jsp
# The crash happened outside the Java Virtual Machine in native code.
# See problematic frame for where to report the bug.
#

---------------  S U M M A R Y ------------

Command Line: -Dfile.encoding=UTF-8 -Duser.country=EC -Duser.language=es -Duser.variant com.programacion.paralela.FractalMain

Host: 13th Gen Intel(R) Core(TM) i7-13700T, 24 cores, 31G,  Windows 11 , 64 bit Build 26100 (10.0.26100.7019)
Time: Wed Nov 19 08:52:32 2025 Hora est. Pacífico, Sudamérica elapsed time: 0.386883 seconds (0d 0h 0m 0s)

---------------  T H R E A D  ---------------

Current thread (0x0000021fcdeb27f0):  JavaThread "main"             [_thread_in_native, id=28592, stack(0x000000ea33e00000,0x000000ea33f00000) (1024K)]

Stack: [0x000000ea33e00000,0x000000ea33f00000],  sp=0x000000ea33efe3b0,  free space=1016k
Native frames: (J=compiled Java code, j=interpreted, Vv=VM code, C=native code)
C  [igxelpicd64.dll+0x4cc96]  (no source info available)
C  [igxelpicd64.dll+0x373634]  (no source info available)
C  [igxelpicd64.dll+0x3763a9]  (no source info available)
C  [igxelpicd64.dll+0x20df5c]  (no source info available)
C  [igxelpicd64.dll+0x20e54e]  (no source info available)
C  [igxelpicd64.dll+0x26a362]  (no source info available)
C  [igxelpicd64.dll+0x265e56]  (no source info available)
C  [igxelpicd64.dll+0x26b18b]  (no source info available)
C  [opengl32.dll+0x31d0b]  (no source info available)
C  [lwjgl_opengl.dll+0xcc45]  (no source info available)
C  0x0000021fe002ce20  (no source info available)

The last pc belongs to native method entry point (kind = native) (printed below).
Java frames: (J=compiled Java code, j=interpreted, Vv=VM code)
j  org.lwjgl.opengl.GL11C.nglTexImage2D(IIIIIIIIJ)V+0
j  org.lwjgl.opengl.GL11C.glTexImage2D(IIIIIIIILjava/nio/IntBuffer;)V+17
j  org.lwjgl.opengl.GL11.glTexImage2D(IIIIIIIILjava/nio/IntBuffer;)V+14
j  com.programacion.paralela.FractalMain.paint()V+61
j  com.programacion.paralela.FractalMain.loop()V+28
j  com.programacion.paralela.FractalMain.run()V+19
j  com.programacion.paralela.FractalMain.main([Ljava/lang/String;)V+7
v  ~StubRoutines::call_stub 0x0000021fe0020fcd

siginfo: EXCEPTION_ACCESS_VIOLATION (0xc0000005), reading address 0x0000021fc1b17000


Registers:
RAX=0x0000000000000017, RBX=0x0000021ff7910000, RCX=0x000000000000afc8, RDX=0x0000021fc1b16fc0
RSP=0x000000ea33efe3b0, RBP=0x000000ea33efe4e0, RSI=0x0000000000000000, RDI=0x0000021ff7910b80
R8 =0x000000000057e400, R9 =0x0000000000000018, R10=0x0000000000000000, R11=0x000000ea33efe460
R12=0x0000000000000001, R13=0x0000000000000001, R14=0x000000ea33efe5f0, R15=0x0000000000000049
RIP=0x00007ff9e116cc96, EFLAGS=0x0000000000010207

XMM[0]=0x0000000000000000 0x0000000000000000
XMM[1]=0x0000000000000000 0x0000000000000000
XMM[2]=0x0000000000000000 0x0000000000000000
XMM[3]=0x0000000000000000 0x0000000000000000
XMM[4]=0x0000000000000000 0x0000000000000000
XMM[5]=0x0000000000000000 0x0000000000000000
XMM[6]=0x0000000000000000 0x0000000000000000
XMM[7]=0x0000000000000000 0x0000000000000000
XMM[8]=0x0000000000000000 0x400a13f3705def58
XMM[9]=0x0000000000000000 0x90ee6fe4eaad2d1f
XMM[10]=0x0000000000000000 0x0000000059bebd3b
XMM[11]=0x0000000000000000 0x6d393bfe57e6691d
XMM[12]=0x0000000000000000 0x00000000eaad2d1f
XMM[13]=0x0000000000000000 0x0000000000000000
XMM[14]=0x0000000000000000 0x0000000000000000
XMM[15]=0x0000000000000000 0x0000000000000000
  MXCSR=0x00001fa0


Register to memory mapping:

RAX=0x0000000000000017 is an unknown value
RBX=0x0000021ff7910000 points into unknown readable memory: 0x0000000000000000 | 00 00 00 00 00 00 00 00
RCX=0x000000000000afc8 is an unknown value
RDX=0x0000021fc1b16fc0 points into unknown readable memory: 0x0000000000000000 | 00 00 00 00 00 00 00 00
RSP=0x000000ea33efe3b0 is pointing into the stack for thread: 0x0000021fcdeb27f0
RBP=0x000000ea33efe4e0 is pointing into the stack for thread: 0x0000021fcdeb27f0
RSI=0x0 is null
RDI=0x0000021ff7910b80 points into unknown readable memory: 0x0000000000000000 | 00 00 00 00 00 00 00 00
R8 =0x000000000057e400 is an unknown value
R9 =0x0000000000000018 is an unknown value
R10=0x0 is null
R11=0x000000ea33efe460 is pointing into the stack for thread: 0x0000021fcdeb27f0
R12=0x0000000000000001 is an unknown value
R13=0x0000000000000001 is an unknown value
R14=0x000000ea33efe5f0 is pointing into the stack for thread: 0x0000021fcdeb27f0
R15=0x0000000000000049 is an unknown value

Top of Stack: (sp=0x000000ea33efe3b0)
0x000000ea33efe3b0:   3fe18feacfe277e2 0000000000000000   .w.....?........
0x000000ea33efe3c0:   4001f47cb923a29c 0000000000000000   ..#.|..@........
0x000000ea33efe3d0:   0000021fc1b16440 00007ff9e1493634   @d......46I.....
0x000000ea33efe3e0:   0000021fc1b16440 000000ea33efe4e0   @d.........3....
0x000000ea33efe3f0:   0000000000000000 000000ea33efe800   ...........3....
0x000000ea33efe400:   000000ea33ef0049 0000021f00000001   I..3............
0x000000ea33efe410:   0000021fc1b16440 000000ea33efe400   @d.........3....
0x000000ea33efe420:   0000000000000000 00007ff9e116b32a   ........*.......
0x000000ea33efe430:   0000021fc66b8c40 0000021fc7beb4e8   @.k.............
0x000000ea33efe440:   0000000000000002 0000000000000002   ................
0x000000ea33efe450:   000000ea33efe4b0 0000021fc6676ad0   ...3.....jg.....
0x000000ea33efe460:   00007ff9e20328b0 0000021fc667e940   .(......@.g.....
0x000000ea33efe470:   0000038400000640 0000004900000000   @...........I...
0x000000ea33efe480:   0000190000000004 0000021fc1b16440   ........@d......
0x000000ea33efe490:   0000000433ef0049 0000021f00001900   I..3............
0x000000ea33efe4a0:   0000021ff7910000 0000021f00000000   ................
0x000000ea33efe4b0:   0000000200001900 0000021fc66b8c20   ........ .k.....
0x000000ea33efe4c0:   0000021ff7910000 0000021fc6669560   ........`.f.....
0x000000ea33efe4d0:   000000ea00000384 0000000000000001   ................
0x000000ea33efe4e0:   0000000000000001 0000021fc778f0a0   ..........x.....
0x000000ea33efe4f0:   0000000000000000 00007ff9e2569100   ..........V.....
0x000000ea33efe500:   0000000000000000 0000000000000001   ................
0x000000ea33efe510:   0000000000000000 000000ea33efe5b0   ...........3....
0x000000ea33efe520:   00008ac303cf13c8 00007ff9e1493e09   .........>I.....
0x000000ea33efe530:   0000000000000000 00007ff9e2569100   ..........V.....
0x000000ea33efe540:   0000000000000000 0000000000000001   ................
0x000000ea33efe550:   000000ea33efe800 0000021fc7beb470   ...3....p.......
0x000000ea33efe560:   000000ea33efe670 00007ff9e14963a9   p..3.....cI.....
0x000000ea33efe570:   0000000000001900 000000ea33efe670   ........p..3....
0x000000ea33efe580:   0000000000000000 00007ff9e11925ca   .........%......
0x000000ea33efe590:   00007ff9e2569100 0000000000000000   ..V.............
0x000000ea33efe5a0:   0000000000000001 0000000000000000   ................

Instructions: (pc=0x00007ff9e116cc96)
  0x00007ff9e116cb96:   48 83 c4 28 c3 cc cc cc cc cc 40 57 48 83 ec 20
  0x00007ff9e116cba6:   45 33 d2 48 8b f9 49 83 f8 10 0f 82 ae 00 00 00
  0x00007ff9e116cbb6:   83 e1 0f 0f 85 df 01 00 00 8b c1 45 8b ca 4c 2b
  0x00007ff9e116cbc6:   c0 0f 29 74 24 10 49 8b c8 0f 29 3c 24 48 c1 e9
  0x00007ff9e116cbd6:   07 f6 c2 0f 0f 84 94 00 00 00 48 85 c9 74 6c 66
  0x00007ff9e116cbe6:   66 66 0f 1f 84 00 00 00 00 00 f3 0f 6f 02 41 ff
  0x00007ff9e116cbf6:   c1 f3 0f 6f 4a 10 41 8b c1 f3 0f 6f 52 20 f3 0f
  0x00007ff9e116cc06:   6f 5a 30 f3 0f 6f 62 40 f3 0f 6f 6a 50 f3 0f 6f
  0x00007ff9e116cc16:   72 60 f3 0f 6f 7a 70 66 0f e7 07 66 0f e7 4f 10
  0x00007ff9e116cc26:   66 0f e7 57 20 66 0f e7 5f 30 66 0f e7 67 40 66
  0x00007ff9e116cc36:   0f e7 6f 50 66 0f e7 77 60 66 0f e7 7f 70 48 83
  0x00007ff9e116cc46:   ef 80 48 83 ea 80 48 3b c1 72 9f 41 83 e0 7f 0f
  0x00007ff9e116cc56:   85 0e 01 00 00 0f 28 74 24 10 0f 28 3c 24 41 83
  0x00007ff9e116cc66:   e0 0f 0f 85 b0 00 00 00 48 83 c4 20 5f c3 48 85
  0x00007ff9e116cc76:   c9 74 68 0f 1f 80 00 00 00 00 f3 0f 6f 02 41 ff
  0x00007ff9e116cc86:   c1 f3 0f 6f 4a 10 f3 0f 6f 52 20 f3 0f 6f 5a 30
=>0x00007ff9e116cc96:   f3 0f 6f 62 40 f3 0f 6f 6a 50 f3 0f 6f 72 60 f3
  0x00007ff9e116cca6:   0f 6f 7a 70 48 83 ea 80 66 0f e7 07 66 0f e7 4f
  0x00007ff9e116ccb6:   10 66 0f e7 57 20 66 0f e7 5f 30 66 0f e7 67 40
  0x00007ff9e116ccc6:   66 0f e7 6f 50 66 0f e7 77 60 66 0f e7 7f 70 48
  0x00007ff9e116ccd6:   83 ef 80 41 8b c1 48 3b c1 72 9f 41 83 e0 7f 0f
  0x00007ff9e116cce6:   84 70 ff ff ff 45 8b c8 41 8b ca 49 c1 e9 04 4d
  0x00007ff9e116ccf6:   85 c9 0f 84 5d ff ff ff 66 90 f3 0f 6f 02 ff c1
  0x00007ff9e116cd06:   66 0f e7 07 48 83 c7 10 8b c1 48 83 c2 10 49 3b
  0x00007ff9e116cd16:   c1 72 e7 e9 3d ff ff ff 4d 8b c8 41 8b ca 49 c1
  0x00007ff9e116cd26:   e9 02 4d 85 c9 74 15 8b 02 ff c1 89 07 48 83 c2
  0x00007ff9e116cd36:   04 48 83 c7 04 8b c1 49 3b c1 72 eb 41 83 e0 03
  0x00007ff9e116cd46:   0f 86 22 ff ff ff 48 2b d7 0f b6 04 3a 41 ff c2
  0x00007ff9e116cd56:   88 07 48 8d 7f 01 41 8b c2 49 3b c0 72 eb e9 05
  0x00007ff9e116cd66:   ff ff ff 4d 8b c8 41 8b ca 49 c1 e9 04 4d 85 c9
  0x00007ff9e116cd76:   0f 84 df fe ff ff 0f 1f 40 00 f3 0f 6f 02 ff c1
  0x00007ff9e116cd86:   48 83 c2 10 8b c1 66 0f e7 07 48 83 c7 10 49 3b


Stack slot to memory mapping:

stack at sp + 0 slots: 0x3fe18feacfe277e2 is an unknown value
stack at sp + 1 slots: 0x0 is null
stack at sp + 2 slots: 0x4001f47cb923a29c is an unknown value
stack at sp + 3 slots: 0x0 is null
stack at sp + 4 slots: 0x0000021fc1b16440 points into unknown readable memory: 0x0000000000000000 | 00 00 00 00 00 00 00 00
stack at sp + 5 slots: 0x00007ff9e1493634 igxelpicd64.dll
stack at sp + 6 slots: 0x0000021fc1b16440 points into unknown readable memory: 0x0000000000000000 | 00 00 00 00 00 00 00 00
stack at sp + 7 slots: 0x000000ea33efe4e0 is pointing into the stack for thread: 0x0000021fcdeb27f0

Lock stack of current Java thread (top to bottom):

native method entry point (kind = native)  [0x0000021fe002ca40, 0x0000021fe002d478]  2616 bytes
[MachCode]
  0x0000021fe002ca40: 488b 4b08 | 0fb7 492e | 584c 8d74 | ccf8 6800 | 0000 0068 | 0000 0000 | 5055 488b | ec41 5568 
  0x0000021fe002ca60: 0000 0000 | 4c8b 6b08 | 4d8d 6d38 | 5348 8b53 | 0848 8b52 | 0848 8b52 | 1848 8b52 | 7048 8b12 
  0x0000021fe002ca80: 5248 8b53 | 1048 85d2 | 0f84 0700 | 0000 4881 | c208 0100 | 0052 488b | 5308 488b | 5208 488b 
  0x0000021fe002caa0: 5210 5249 | 8bc6 482b | c548 c1e8 | 0350 6800 | 0000 0068 | f7ff ffff | 41c6 8771 | 0400 0001 
  0x0000021fe002cac0: 488b 4310 | 4885 c074 | 208b 88cc | 0000 0083 | c102 8988 | cc00 0000 | 2388 e000 | 0000 0f84 
  0x0000021fe002cae0: e408 0000 | e9cd 0000 | 0048 8b43 | 1848 85c0 | 0f85 b000 | 0000 e805 | 0000 00e9 | 9900 0000 
  0x0000021fe002cb00: 488b d348 | 8d44 2408 | 4c89 6dc0 | 498b cfc5 | f877 4989 | afb8 0300 | 0049 8987 | a803 0000 
  0x0000021fe002cb20: 4883 ec20 | 40f6 c40f | 0f84 1900 | 0000 4883 | ec08 48b8 | a02f 2be4 | f97f 0000 | ffd0 4883 
  0x0000021fe002cb40: c408 e90c | 0000 0048 | b8a0 2f2b | e4f9 7f00 | 00ff d048 | 83c4 2049 | c787 a803 | 0000 0000 
  0x0000021fe002cb60: 0000 49c7 | 87b8 0300 | 0000 0000 | 0049 c787 | b003 0000 | 0000 0000 | c5f8 7749 | 837f 0800 
  0x0000021fe002cb80: 0f84 0500 | 0000 e935 | 43ff ff4c | 8b6d c04c | 8b75 c84e | 8d74 f500 | c348 8b43 | 1848 85c0 
  0x0000021fe002cba0: 0f84 1000 | 0000 8b08 | 83c1 0289 | 0823 4814 | 0f84 1208 | 0000 493b | a7f0 0400 | 000f 8748 
  0x0000021fe002cbc0: 0000 0089 | 8424 00f0 | ffff 8984 | 2400 e0ff | ff89 8424 | 00d0 ffff | 8984 2400 | c0ff ff89 
  0x0000021fe002cbe0: 8424 00b0 | ffff 8984 | 2400 a0ff | ff89 8424 | 0090 ffff | 8984 2400 | 80ff ff49 | 3ba7 e804 
  0x0000021fe002cc00: 0000 7607 | 4989 a7f0 | 0400 0041 | c687 7104 | 0000 0048 | 8b5d e84c | 8b5b 0845 | 0fb7 5b2e 
  0x0000021fe002cc20: 41c1 e303 | 492b e348 | 83ec 2048 | 83e4 f04c | 8b5b 604d | 85db 0f85 | ab00 0000 | e805 0000 
  0x0000021fe002cc40: 00e9 9900 | 0000 488b | d348 8d44 | 2408 4c89 | 6dc0 498b | cfc5 f877 | 4989 afb8 | 0300 0049 
  0x0000021fe002cc60: 8987 a803 | 0000 4883 | ec20 40f6 | c40f 0f84 | 1900 0000 | 4883 ec08 | 48b8 e059 | 2be4 f97f 
  0x0000021fe002cc80: 0000 ffd0 | 4883 c408 | e90c 0000 | 0048 b8e0 | 592b e4f9 | 7f00 00ff | d048 83c4 | 2049 c787 
  0x0000021fe002cca0: a803 0000 | 0000 0000 | 49c7 87b8 | 0300 0000 | 0000 0049 | c787 b003 | 0000 0000 | 0000 c5f8 
  0x0000021fe002ccc0: 7749 837f | 0800 0f84 | 0500 0000 | e9ef 41ff | ff4c 8b6d | c04c 8b75 | c84e 8d74 | f500 c348 
  0x0000021fe002cce0: 8b5d e84c | 8b5b 6041 | ffd3 488b | 5de8 4889 | 4518 448b | 5b28 41f6 | c308 0f84 | 1b00 0000 
  0x0000021fe002cd00: 4c8b 5b08 | 4d8b 5b08 | 4d8b 5b18 | 4d8b 5b70 | 4d8b 1b4c | 895d 1048 | 8d55 1048 | 8b43 5849 
  0x0000021fe002cd20: baf0 7264 | e4f9 7f00 | 0049 3bc2 | 0f85 ab00 | 0000 e805 | 0000 00e9 | 9900 0000 | 488b d348 
  0x0000021fe002cd40: 8d44 2408 | 4c89 6dc0 | 498b cfc5 | f877 4989 | afb8 0300 | 0049 8987 | a803 0000 | 4883 ec20 
  0x0000021fe002cd60: 40f6 c40f | 0f84 1900 | 0000 4883 | ec08 48b8 | e059 2be4 | f97f 0000 | ffd0 4883 | c408 e90c 
  0x0000021fe002cd80: 0000 0048 | b8e0 592b | e4f9 7f00 | 00ff d048 | 83c4 2049 | c787 a803 | 0000 0000 | 0000 49c7 
  0x0000021fe002cda0: 87b8 0300 | 0000 0000 | 0049 c787 | b003 0000 | 0000 0000 | c5f8 7749 | 837f 0800 | 0f84 0500 
  0x0000021fe002cdc0: 0000 e9f9 | 40ff ff4c | 8b6d c04c | 8b75 c84e | 8d74 f500 | c348 8b5d | e848 8b43 | 5849 8d8f 
  0x0000021fe002cde0: c803 0000 | 4c8d 15d5 | 0000 004d | 8997 b003 | 0000 c5f8 | 7749 89af | b803 0000 | 4989 a7a8 
  0x0000021fe002ce00: 0300 0041 | c787 5404 | 0000 0400 | 0000 493b | a748 0500 | 0076 0749 | 89a7 4805 | 0000 ffd0 
  0x0000021fe002ce20: 493b a748 | 0500 0072 | 0b49 c787 | 4805 0000 | 0000 0000 | c5f8 7748 | 83ec 10c5 | fb11 0424 
  0x0000021fe002ce40: 4883 ec10 | 4889 0424 | 48c7 4424 | 0800 0000 | 0041 c787 | 5404 0000 | 0500 0000 | f083 4424 
  0x0000021fe002ce60: c000 493b | 6f28 0f87 | 0e00 0000 | 4183 bf50 | 0400 0000 | 0f84 2000 | 0000 498b | cf4c 8be4 
  0x0000021fe002ce80: 4883 ec20 | 4883 e4f0 | 48b8 10b9 | 2ce4 f97f | 0000 ffd0 | 498b e44d | 33e4 41c7 | 8754 0400 
  0x0000021fe002cea0: 0008 0000 | 004d 8b97 | 7005 0000 | 4983 fa00 | 7435 49c7 | 8770 0500 | 0000 0000 | 0041 ffe2 
  0x0000021fe002cec0: 49ba 00bb | 02e0 1f02 | 0000 41ff | d248 83ec | 10c5 fb11 | 0424 4883 | ec10 4889 | 0424 48c7 
  0x0000021fe002cee0: 4424 0800 | 0000 0049 | c787 a803 | 0000 0000 | 0000 49c7 | 87b8 0300 | 0000 0000 | 0049 c787 
  0x0000021fe002cf00: b003 0000 | 0000 0000 | c5f8 774d | 8b9f 3804 | 0000 41c7 | 8300 0100 | 0000 0000 | 0049 bb3a 
  0x0000021fe002cf20: a402 e01f | 0200 004c | 3b5d 180f | 8555 0100 | 0048 8b04 | 2448 83c4 | 1048 85c0 | 0f84 2f01 
  0x0000021fe002cf40: 0000 a803 | 0f85 0800 | 0000 488b | 00e9 1f01 | 0000 a801 | 0f85 0900 | 0000 488b | 40fe e90e 
  0x0000021fe002cf60: 0100 0048 | 8b40 ff41 | 807f 4800 | 0f84 ff00 | 0000 4883 | f800 0f84 | f500 0000 | 4d8b 5f38 
  0x0000021fe002cf80: 4d85 db0f | 8414 0000 | 0049 83eb | 084d 895f | 384d 035f | 4049 8903 | e9d4 0000 | 0048 83ec 
  0x0000021fe002cfa0: 7048 8904 | 2448 894c | 2408 4889 | 5424 104c | 8944 2418 | 4c89 4c24 | 204c 8954 | 2428 4c89 
  0x0000021fe002cfc0: 5c24 30c5 | fb11 4424 | 40c5 fb11 | 4c24 48c5 | fb11 5424 | 50c5 fb11 | 5c24 58c5 | fb11 6424 
  0x0000021fe002cfe0: 60c5 fb11 | 6c24 6849 | 8bd7 488b | c848 83ec | 2040 f6c4 | 0f0f 8419 | 0000 0048 | 83ec 0848 
  0x0000021fe002d000: b850 491f | e4f9 7f00 | 00ff d048 | 83c4 08e9 | 0c00 0000 | 48b8 5049 | 1fe4 f97f | 0000 ffd0 
  0x0000021fe002d020: 4883 c420 | c5fb 106c | 2468 c5fb | 1064 2460 | c5fb 105c | 2458 c5fb | 1054 2450 | c5fb 104c 
  0x0000021fe002d040: 2448 c5fb | 1044 2440 | 4c8b 5c24 | 304c 8b54 | 2428 4c8b | 4c24 204c | 8b44 2418 | 488b 5424 
  0x0000021fe002d060: 1048 8b4c | 2408 488b | 0424 4883 | c470 c5f8 | 7748 8945 | 1048 83ec | 1048 8904 | 2448 c744 
  0x0000021fe002d080: 2408 0000 | 0000 4183 | bfd0 0400 | 0002 0f85 | bf00 0000 | 4881 ec80 | 0000 0048 | 8944 2478 
  0x0000021fe002d0a0: 4889 4c24 | 7048 8954 | 2468 4889 | 5c24 6048 | 896c 2450 | 4889 7424 | 4848 897c | 2440 4c89 
  0x0000021fe002d0c0: 4424 384c | 894c 2430 | 4c89 5424 | 284c 895c | 2420 4c89 | 6424 184c | 896c 2410 | 4c89 7424 
  0x0000021fe002d0e0: 084c 893c | 244c 8be4 | 4883 ec20 | 4883 e4f0 | 48b8 8059 | 64e4 f97f | 0000 ffd0 | 498b e44c 
  0x0000021fe002d100: 8b3c 244c | 8b74 2408 | 4c8b 6c24 | 104c 8b64 | 2418 4c8b | 5c24 204c | 8b54 2428 | 4c8b 4c24 
  0x0000021fe002d120: 304c 8b44 | 2438 488b | 7c24 4048 | 8b74 2448 | 488b 6c24 | 5048 8b5c | 2460 488b | 5424 6848 
  0x0000021fe002d140: 8b4c 2470 | 488b 4424 | 7848 81c4 | 8000 0000 | 4d33 e448 | 8b5d e84c | 8b6b 084d | 8d6d 3849 
  0x0000021fe002d160: 837f 0800 | 0f84 bb00 | 0000 e805 | 0000 00e9 | 9600 0000 | 488d 4424 | 084c 896d | c049 8bcf 
  0x0000021fe002d180: c5f8 7749 | 89af b803 | 0000 4989 | 87a8 0300 | 0048 83ec | 2040 f6c4 | 0f0f 8419 | 0000 0048 
  0x0000021fe002d1a0: 83ec 0848 | b880 782b | e4f9 7f00 | 00ff d048 | 83c4 08e9 | 0c00 0000 | 48b8 8078 | 2be4 f97f 
  0x0000021fe002d1c0: 0000 ffd0 | 4883 c420 | 49c7 87a8 | 0300 0000 | 0000 0049 | c787 b803 | 0000 0000 | 0000 49c7 
  0x0000021fe002d1e0: 87b0 0300 | 0000 0000 | 00c5 f877 | 4983 7f08 | 000f 8405 | 0000 00e9 | c43c ffff | 4c8b 6dc0 
  0x0000021fe002d200: 4c8b 75c8 | 4e8d 74f5 | 00c3 48b9 | 08ec 8ae4 | f97f 0000 | 4883 e4f0 | 48b8 00a9 | 51e4 f97f 
  0x0000021fe002d220: 0000 ffd0 | f444 8b5b | 2841 f6c3 | 200f 8472 | 0100 0048 | 8d55 a84c | 8b5a 084d | 85db 0f85 
  0x0000021fe002d240: bb00 0000 | e805 0000 | 00e9 9600 | 0000 488d | 4424 084c | 896d c049 | 8bcf c5f8 | 7749 89af 
  0x0000021fe002d260: b803 0000 | 4989 87a8 | 0300 0048 | 83ec 2040 | f6c4 0f0f | 8419 0000 | 0048 83ec | 0848 b8b0 
  0x0000021fe002d280: 772b e4f9 | 7f00 00ff | d048 83c4 | 08e9 0c00 | 0000 48b8 | b077 2be4 | f97f 0000 | ffd0 4883 
  0x0000021fe002d2a0: c420 49c7 | 87a8 0300 | 0000 0000 | 0049 c787 | b803 0000 | 0000 0000 | 49c7 87b0 | 0300 0000 
  0x0000021fe002d2c0: 0000 00c5 | f877 4983 | 7f08 000f | 8405 0000 | 00e9 ea3b | ffff 4c8b | 6dc0 4c8b | 75c8 4e8d 
  0x0000021fe002d2e0: 74f5 00c3 | 48b9 08ec | 8ae4 f97f | 0000 4883 | e4f0 48b8 | 00a9 51e4 | f97f 0000 | ffd0 f44c 
  0x0000021fe002d300: 896d c04c | 8b4a 0848 | c742 0800 | 0000 0045 | 8b87 5806 | 0000 4f3b | 4c07 f80f | 8542 0000 
  0x0000021fe002d320: 0041 83af | 5806 0000 | 084f 3b4c | 07f0 0f84 | 2a00 0000 | 498b 01a8 | 020f 8512 | 0000 004c 
  0x0000021fe002d340: 8bc0 4983 | c801 f04d | 0fb1 010f | 840d 0000 | 0041 8387 | 5806 0000 | 08e9 0500 | 0000 e93e 
  0x0000021fe002d360: 0000 004c | 894a 0848 | 8bca 4883 | ec20 40f6 | c40f 0f84 | 1900 0000 | 4883 ec08 | 48b8 d049 
  0x0000021fe002d380: 2be4 f97f | 0000 ffd0 | 4883 c408 | e90c 0000 | 0048 b8d0 | 492b e4f9 | 7f00 00ff | d048 83c4 
  0x0000021fe002d3a0: 204c 8b6d | c048 8b04 | 2448 83c4 | 10c5 fb10 | 0424 4883 | c410 4c8b | 5d18 41ff | d34c 8b5d 
  0x0000021fe002d3c0: f8c9 5f49 | 8be3 ffe7 | ba00 0000 | 00e8 0500 | 0000 e996 | 0000 0048 | 8d44 2408 | 4c89 6dc0 
  0x0000021fe002d3e0: 498b cfc5 | f877 4989 | afb8 0300 | 0049 8987 | a803 0000 | 4883 ec20 | 40f6 c40f | 0f84 1900 
  0x0000021fe002d400: 0000 4883 | ec08 48b8 | 703e 2be4 | f97f 0000 | ffd0 4883 | c408 e90c | 0000 0048 | b870 3e2b 
  0x0000021fe002d420: e4f9 7f00 | 00ff d048 | 83c4 2049 | c787 a803 | 0000 0000 | 0000 49c7 | 87b8 0300 | 0000 0000 
  0x0000021fe002d440: 0049 c787 | b003 0000 | 0000 0000 | c5f8 7749 | 837f 0800 | 0f84 0500 | 0000 e961 | 3aff ff4c 
  0x0000021fe002d460: 8b6d c04c | 8b75 c84e | 8d74 f500 | c348 8b5d | e8e9 40f7 | ffff 6690 
[/MachCode]

---------------  P R O C E S S  ---------------

Threads class SMR info:
_java_thread_list=0x0000021fc78a16a0, length=14, elements={
0x0000021fcdeb27f0, 0x0000021ff2a6d8c0, 0x0000021ff2a6e200, 0x0000021ff2a72960,
0x0000021ff2a736f0, 0x0000021ff2a74350, 0x0000021ff2a74fb0, 0x0000021fc1099f90,
0x0000021fc109d890, 0x0000021fc112e9c0, 0x0000021fc1137160, 0x0000021fc109e020,
0x0000021fc109e7b0, 0x0000021fc109c970
}

Java Threads: ( => current thread )
=>0x0000021fcdeb27f0 JavaThread "main"                              [_thread_in_native, id=28592, stack(0x000000ea33e00000,0x000000ea33f00000) (1024K)]
  0x0000021ff2a6d8c0 JavaThread "Reference Handler"          daemon [_thread_blocked, id=14512, stack(0x000000ea34600000,0x000000ea34700000) (1024K)]
  0x0000021ff2a6e200 JavaThread "Finalizer"                  daemon [_thread_blocked, id=13868, stack(0x000000ea34700000,0x000000ea34800000) (1024K)]
  0x0000021ff2a72960 JavaThread "Signal Dispatcher"          daemon [_thread_blocked, id=16960, stack(0x000000ea34800000,0x000000ea34900000) (1024K)]
  0x0000021ff2a736f0 JavaThread "Attach Listener"            daemon [_thread_blocked, id=19008, stack(0x000000ea34900000,0x000000ea34a00000) (1024K)]
  0x0000021ff2a74350 JavaThread "Service Thread"             daemon [_thread_blocked, id=22852, stack(0x000000ea34a00000,0x000000ea34b00000) (1024K)]
  0x0000021ff2a74fb0 JavaThread "Monitor Deflation Thread"   daemon [_thread_blocked, id=2460, stack(0x000000ea34b00000,0x000000ea34c00000) (1024K)]
  0x0000021fc1099f90 JavaThread "C2 CompilerThread0"         daemon [_thread_blocked, id=12140, stack(0x000000ea34c00000,0x000000ea34d00000) (1024K)]
  0x0000021fc109d890 JavaThread "C1 CompilerThread0"         daemon [_thread_blocked, id=27840, stack(0x000000ea34d00000,0x000000ea34e00000) (1024K)]
  0x0000021fc112e9c0 JavaThread "Notification Thread"        daemon [_thread_blocked, id=16428, stack(0x000000ea34e00000,0x000000ea34f00000) (1024K)]
  0x0000021fc1137160 JavaThread "Common-Cleaner"             daemon [_thread_blocked, id=18588, stack(0x000000ea34f00000,0x000000ea35000000) (1024K)]
  0x0000021fc109e020 JavaThread "C1 CompilerThread1"         daemon [_thread_blocked, id=27920, stack(0x000000ea35000000,0x000000ea35100000) (1024K)]
  0x0000021fc109e7b0 JavaThread "C1 CompilerThread2"         daemon [_thread_blocked, id=27332, stack(0x000000ea35100000,0x000000ea35200000) (1024K)]
  0x0000021fc109c970 JavaThread "C1 CompilerThread3"         daemon [_thread_blocked, id=28164, stack(0x000000ea35800000,0x000000ea35900000) (1024K)]
Total: 14

Other Threads:
  0x0000021ff2a5cda0 VMThread "VM Thread"                           [id=10268, stack(0x000000ea34500000,0x000000ea34600000) (1024K)]
  0x0000021ff29a1170 WatcherThread "VM Periodic Task Thread"        [id=28308, stack(0x000000ea34400000,0x000000ea34500000) (1024K)]
  0x0000021fd03d6e00 WorkerThread "GC Thread#0"                     [id=10744, stack(0x000000ea33f00000,0x000000ea34000000) (1024K)]
  0x0000021fd03e4a10 ConcurrentGCThread "G1 Main Marker"            [id=25740, stack(0x000000ea34000000,0x000000ea34100000) (1024K)]
  0x0000021ff28c2560 WorkerThread "G1 Conc#0"                       [id=19040, stack(0x000000ea34100000,0x000000ea34200000) (1024K)]
  0x0000021ff29881c0 ConcurrentGCThread "G1 Refine#0"               [id=27668, stack(0x000000ea34200000,0x000000ea34300000) (1024K)]
  0x0000021ff2989b00 ConcurrentGCThread "G1 Service"                [id=28624, stack(0x000000ea34300000,0x000000ea34400000) (1024K)]
Total: 7

Threads with active compile tasks:
Total: 0

VM state: not at safepoint (normal execution)

VM Mutex/Monitor currently owned by a thread: None

Heap address: 0x0000000607400000, size: 8076 MB, Compressed Oops mode: Zero based, Oop shift amount: 3

CDS archive(s) mapped at: [0x0000021f80000000-0x0000021f80d40000-0x0000021f80d40000), size 13893632, SharedBaseAddress: 0x0000021f80000000, ArchiveRelocationMode: 1.
Compressed class space mapped at: 0x0000021f81000000-0x0000021fc1000000, reserved size: 1073741824
UseCompressedClassPointers 1, UseCompactObjectHeaders 0
Narrow klass pointer bits 32, Max shift 3
Narrow klass base: 0x0000021f80000000, Narrow klass shift: 0
Encoding Range: [0x0000021f80000000 - 0x0000022080000000), (4294967296 bytes)
Klass Range:    [0x0000021f80000000 - 0x0000021fc1000000), (1090519040 bytes)
Klass ID Range:  [8 - 1090519033) (1090519025)

GC Precious Log:
 CardTable entry size: 512
 Card Set container configuration: InlinePtr #cards 4 size 8 Array Of Cards #cards 32 size 80 Howl #buckets 8 coarsen threshold 7372 Howl Bitmap #cards 1024 size 144 coarsen threshold 921 Card regions per heap region 1 cards per card region 8192
 CPUs: 24 total, 24 available
 Memory: 32298M
 Large Page Support: Disabled
 NUMA Support: Disabled
 Compressed Oops: Enabled (Zero based)
 Heap Region Size: 4M
 Heap Min Capacity: 8M
 Heap Initial Capacity: 508M
 Heap Max Capacity: 8076M
 Pre-touch: Disabled
 Parallel Workers: 18
 Concurrent Workers: 5
 Concurrent Refinement Workers: 18
 Periodic GC: Disabled

Heap:
 garbage-first heap   total reserved 8269824K, committed 524288K, used 17524K [0x0000000607400000, 0x0000000800000000)
  region size 4096K, 3 young (12288K), 0 survivors (0K)
 Metaspace       used 3695K, committed 3840K, reserved 1114112K
  class space    used 197K, committed 256K, reserved 1048576K

Heap Regions: E=young(eden), S=young(survivor), O=old, HS=humongous(starts), HC=humongous(continues), CS=collection set, F=free, TAMS=top-at-mark-start, PB=parsable bottom
|   0|0x0000000607400000, 0x0000000607800000, 0x0000000607800000|100%|HS|  |TAMS 0x0000000607400000| PB 0x0000000607400000| Complete |  0
|   1|0x0000000607800000, 0x0000000607c00000, 0x0000000607c00000|100%|HC|  |TAMS 0x0000000607800000| PB 0x0000000607800000| Complete |  0
|   2|0x0000000607c00000, 0x0000000607c00000, 0x0000000608000000|  0%| F|  |TAMS 0x0000000607c00000| PB 0x0000000607c00000| Untracked |  0
|   3|0x0000000608000000, 0x0000000608000000, 0x0000000608400000|  0%| F|  |TAMS 0x0000000608000000| PB 0x0000000608000000| Untracked |  0
|   4|0x0000000608400000, 0x0000000608400000, 0x0000000608800000|  0%| F|  |TAMS 0x0000000608400000| PB 0x0000000608400000| Untracked |  0
|   5|0x0000000608800000, 0x0000000608800000, 0x0000000608c00000|  0%| F|  |TAMS 0x0000000608800000| PB 0x0000000608800000| Untracked |  0
|   6|0x0000000608c00000, 0x0000000608c00000, 0x0000000609000000|  0%| F|  |TAMS 0x0000000608c00000| PB 0x0000000608c00000| Untracked |  0
|   7|0x0000000609000000, 0x0000000609000000, 0x0000000609400000|  0%| F|  |TAMS 0x0000000609000000| PB 0x0000000609000000| Untracked |  0
|   8|0x0000000609400000, 0x0000000609400000, 0x0000000609800000|  0%| F|  |TAMS 0x0000000609400000| PB 0x0000000609400000| Untracked |  0
|   9|0x0000000609800000, 0x0000000609800000, 0x0000000609c00000|  0%| F|  |TAMS 0x0000000609800000| PB 0x0000000609800000| Untracked |  0
|  10|0x0000000609c00000, 0x0000000609c00000, 0x000000060a000000|  0%| F|  |TAMS 0x0000000609c00000| PB 0x0000000609c00000| Untracked |  0
|  11|0x000000060a000000, 0x000000060a000000, 0x000000060a400000|  0%| F|  |TAMS 0x000000060a000000| PB 0x000000060a000000| Untracked |  0
|  12|0x000000060a400000, 0x000000060a400000, 0x000000060a800000|  0%| F|  |TAMS 0x000000060a400000| PB 0x000000060a400000| Untracked |  0
|  13|0x000000060a800000, 0x000000060a800000, 0x000000060ac00000|  0%| F|  |TAMS 0x000000060a800000| PB 0x000000060a800000| Untracked |  0
|  14|0x000000060ac00000, 0x000000060ac00000, 0x000000060b000000|  0%| F|  |TAMS 0x000000060ac00000| PB 0x000000060ac00000| Untracked |  0
|  15|0x000000060b000000, 0x000000060b000000, 0x000000060b400000|  0%| F|  |TAMS 0x000000060b000000| PB 0x000000060b000000| Untracked |  0
|  16|0x000000060b400000, 0x000000060b400000, 0x000000060b800000|  0%| F|  |TAMS 0x000000060b400000| PB 0x000000060b400000| Untracked |  0
|  17|0x000000060b800000, 0x000000060b800000, 0x000000060bc00000|  0%| F|  |TAMS 0x000000060b800000| PB 0x000000060b800000| Untracked |  0
|  18|0x000000060bc00000, 0x000000060bc00000, 0x000000060c000000|  0%| F|  |TAMS 0x000000060bc00000| PB 0x000000060bc00000| Untracked |  0
|  19|0x000000060c000000, 0x000000060c000000, 0x000000060c400000|  0%| F|  |TAMS 0x000000060c000000| PB 0x000000060c000000| Untracked |  0
|  20|0x000000060c400000, 0x000000060c400000, 0x000000060c800000|  0%| F|  |TAMS 0x000000060c400000| PB 0x000000060c400000| Untracked |  0
|  21|0x000000060c800000, 0x000000060c800000, 0x000000060cc00000|  0%| F|  |TAMS 0x000000060c800000| PB 0x000000060c800000| Untracked |  0
|  22|0x000000060cc00000, 0x000000060cc00000, 0x000000060d000000|  0%| F|  |TAMS 0x000000060cc00000| PB 0x000000060cc00000| Untracked |  0
|  23|0x000000060d000000, 0x000000060d000000, 0x000000060d400000|  0%| F|  |TAMS 0x000000060d000000| PB 0x000000060d000000| Untracked |  0
|  24|0x000000060d400000, 0x000000060d400000, 0x000000060d800000|  0%| F|  |TAMS 0x000000060d400000| PB 0x000000060d400000| Untracked |  0
|  25|0x000000060d800000, 0x000000060d800000, 0x000000060dc00000|  0%| F|  |TAMS 0x000000060d800000| PB 0x000000060d800000| Untracked |  0
|  26|0x000000060dc00000, 0x000000060dc00000, 0x000000060e000000|  0%| F|  |TAMS 0x000000060dc00000| PB 0x000000060dc00000| Untracked |  0
|  27|0x000000060e000000, 0x000000060e000000, 0x000000060e400000|  0%| F|  |TAMS 0x000000060e000000| PB 0x000000060e000000| Untracked |  0
|  28|0x000000060e400000, 0x000000060e400000, 0x000000060e800000|  0%| F|  |TAMS 0x000000060e400000| PB 0x000000060e400000| Untracked |  0
|  29|0x000000060e800000, 0x000000060e800000, 0x000000060ec00000|  0%| F|  |TAMS 0x000000060e800000| PB 0x000000060e800000| Untracked |  0
|  30|0x000000060ec00000, 0x000000060ec00000, 0x000000060f000000|  0%| F|  |TAMS 0x000000060ec00000| PB 0x000000060ec00000| Untracked |  0
|  31|0x000000060f000000, 0x000000060f000000, 0x000000060f400000|  0%| F|  |TAMS 0x000000060f000000| PB 0x000000060f000000| Untracked |  0
|  32|0x000000060f400000, 0x000000060f400000, 0x000000060f800000|  0%| F|  |TAMS 0x000000060f400000| PB 0x000000060f400000| Untracked |  0
|  33|0x000000060f800000, 0x000000060f800000, 0x000000060fc00000|  0%| F|  |TAMS 0x000000060f800000| PB 0x000000060f800000| Untracked |  0
|  34|0x000000060fc00000, 0x000000060fc00000, 0x0000000610000000|  0%| F|  |TAMS 0x000000060fc00000| PB 0x000000060fc00000| Untracked |  0
|  35|0x0000000610000000, 0x0000000610000000, 0x0000000610400000|  0%| F|  |TAMS 0x0000000610000000| PB 0x0000000610000000| Untracked |  0
|  36|0x0000000610400000, 0x0000000610400000, 0x0000000610800000|  0%| F|  |TAMS 0x0000000610400000| PB 0x0000000610400000| Untracked |  0
|  37|0x0000000610800000, 0x0000000610800000, 0x0000000610c00000|  0%| F|  |TAMS 0x0000000610800000| PB 0x0000000610800000| Untracked |  0
|  38|0x0000000610c00000, 0x0000000610c00000, 0x0000000611000000|  0%| F|  |TAMS 0x0000000610c00000| PB 0x0000000610c00000| Untracked |  0
|  39|0x0000000611000000, 0x0000000611000000, 0x0000000611400000|  0%| F|  |TAMS 0x0000000611000000| PB 0x0000000611000000| Untracked |  0
|  40|0x0000000611400000, 0x0000000611400000, 0x0000000611800000|  0%| F|  |TAMS 0x0000000611400000| PB 0x0000000611400000| Untracked |  0
|  41|0x0000000611800000, 0x0000000611800000, 0x0000000611c00000|  0%| F|  |TAMS 0x0000000611800000| PB 0x0000000611800000| Untracked |  0
|  42|0x0000000611c00000, 0x0000000611c00000, 0x0000000612000000|  0%| F|  |TAMS 0x0000000611c00000| PB 0x0000000611c00000| Untracked |  0
|  43|0x0000000612000000, 0x0000000612000000, 0x0000000612400000|  0%| F|  |TAMS 0x0000000612000000| PB 0x0000000612000000| Untracked |  0
|  44|0x0000000612400000, 0x0000000612400000, 0x0000000612800000|  0%| F|  |TAMS 0x0000000612400000| PB 0x0000000612400000| Untracked |  0
|  45|0x0000000612800000, 0x0000000612800000, 0x0000000612c00000|  0%| F|  |TAMS 0x0000000612800000| PB 0x0000000612800000| Untracked |  0
|  46|0x0000000612c00000, 0x0000000612c00000, 0x0000000613000000|  0%| F|  |TAMS 0x0000000612c00000| PB 0x0000000612c00000| Untracked |  0
|  47|0x0000000613000000, 0x0000000613000000, 0x0000000613400000|  0%| F|  |TAMS 0x0000000613000000| PB 0x0000000613000000| Untracked |  0
|  48|0x0000000613400000, 0x0000000613400000, 0x0000000613800000|  0%| F|  |TAMS 0x0000000613400000| PB 0x0000000613400000| Untracked |  0
|  49|0x0000000613800000, 0x0000000613800000, 0x0000000613c00000|  0%| F|  |TAMS 0x0000000613800000| PB 0x0000000613800000| Untracked |  0
|  50|0x0000000613c00000, 0x0000000613c00000, 0x0000000614000000|  0%| F|  |TAMS 0x0000000613c00000| PB 0x0000000613c00000| Untracked |  0
|  51|0x0000000614000000, 0x0000000614000000, 0x0000000614400000|  0%| F|  |TAMS 0x0000000614000000| PB 0x0000000614000000| Untracked |  0
|  52|0x0000000614400000, 0x0000000614400000, 0x0000000614800000|  0%| F|  |TAMS 0x0000000614400000| PB 0x0000000614400000| Untracked |  0
|  53|0x0000000614800000, 0x0000000614800000, 0x0000000614c00000|  0%| F|  |TAMS 0x0000000614800000| PB 0x0000000614800000| Untracked |  0
|  54|0x0000000614c00000, 0x0000000614c00000, 0x0000000615000000|  0%| F|  |TAMS 0x0000000614c00000| PB 0x0000000614c00000| Untracked |  0
|  55|0x0000000615000000, 0x0000000615000000, 0x0000000615400000|  0%| F|  |TAMS 0x0000000615000000| PB 0x0000000615000000| Untracked |  0
|  56|0x0000000615400000, 0x0000000615400000, 0x0000000615800000|  0%| F|  |TAMS 0x0000000615400000| PB 0x0000000615400000| Untracked |  0
|  57|0x0000000615800000, 0x0000000615800000, 0x0000000615c00000|  0%| F|  |TAMS 0x0000000615800000| PB 0x0000000615800000| Untracked |  0
|  58|0x0000000615c00000, 0x0000000615c00000, 0x0000000616000000|  0%| F|  |TAMS 0x0000000615c00000| PB 0x0000000615c00000| Untracked |  0
|  59|0x0000000616000000, 0x0000000616000000, 0x0000000616400000|  0%| F|  |TAMS 0x0000000616000000| PB 0x0000000616000000| Untracked |  0
|  60|0x0000000616400000, 0x0000000616400000, 0x0000000616800000|  0%| F|  |TAMS 0x0000000616400000| PB 0x0000000616400000| Untracked |  0
|  61|0x0000000616800000, 0x0000000616800000, 0x0000000616c00000|  0%| F|  |TAMS 0x0000000616800000| PB 0x0000000616800000| Untracked |  0
|  62|0x0000000616c00000, 0x0000000616c00000, 0x0000000617000000|  0%| F|  |TAMS 0x0000000616c00000| PB 0x0000000616c00000| Untracked |  0
|  63|0x0000000617000000, 0x0000000617000000, 0x0000000617400000|  0%| F|  |TAMS 0x0000000617000000| PB 0x0000000617000000| Untracked |  0
|  64|0x0000000617400000, 0x0000000617400000, 0x0000000617800000|  0%| F|  |TAMS 0x0000000617400000| PB 0x0000000617400000| Untracked |  0
|  65|0x0000000617800000, 0x0000000617800000, 0x0000000617c00000|  0%| F|  |TAMS 0x0000000617800000| PB 0x0000000617800000| Untracked |  0
|  66|0x0000000617c00000, 0x0000000617c00000, 0x0000000618000000|  0%| F|  |TAMS 0x0000000617c00000| PB 0x0000000617c00000| Untracked |  0
|  67|0x0000000618000000, 0x0000000618000000, 0x0000000618400000|  0%| F|  |TAMS 0x0000000618000000| PB 0x0000000618000000| Untracked |  0
|  68|0x0000000618400000, 0x0000000618400000, 0x0000000618800000|  0%| F|  |TAMS 0x0000000618400000| PB 0x0000000618400000| Untracked |  0
|  69|0x0000000618800000, 0x0000000618800000, 0x0000000618c00000|  0%| F|  |TAMS 0x0000000618800000| PB 0x0000000618800000| Untracked |  0
|  70|0x0000000618c00000, 0x0000000618c00000, 0x0000000619000000|  0%| F|  |TAMS 0x0000000618c00000| PB 0x0000000618c00000| Untracked |  0
|  71|0x0000000619000000, 0x0000000619000000, 0x0000000619400000|  0%| F|  |TAMS 0x0000000619000000| PB 0x0000000619000000| Untracked |  0
|  72|0x0000000619400000, 0x0000000619400000, 0x0000000619800000|  0%| F|  |TAMS 0x0000000619400000| PB 0x0000000619400000| Untracked |  0
|  73|0x0000000619800000, 0x0000000619800000, 0x0000000619c00000|  0%| F|  |TAMS 0x0000000619800000| PB 0x0000000619800000| Untracked |  0
|  74|0x0000000619c00000, 0x0000000619c00000, 0x000000061a000000|  0%| F|  |TAMS 0x0000000619c00000| PB 0x0000000619c00000| Untracked |  0
|  75|0x000000061a000000, 0x000000061a000000, 0x000000061a400000|  0%| F|  |TAMS 0x000000061a000000| PB 0x000000061a000000| Untracked |  0
|  76|0x000000061a400000, 0x000000061a400000, 0x000000061a800000|  0%| F|  |TAMS 0x000000061a400000| PB 0x000000061a400000| Untracked |  0
|  77|0x000000061a800000, 0x000000061a800000, 0x000000061ac00000|  0%| F|  |TAMS 0x000000061a800000| PB 0x000000061a800000| Untracked |  0
|  78|0x000000061ac00000, 0x000000061ac00000, 0x000000061b000000|  0%| F|  |TAMS 0x000000061ac00000| PB 0x000000061ac00000| Untracked |  0
|  79|0x000000061b000000, 0x000000061b000000, 0x000000061b400000|  0%| F|  |TAMS 0x000000061b000000| PB 0x000000061b000000| Untracked |  0
|  80|0x000000061b400000, 0x000000061b400000, 0x000000061b800000|  0%| F|  |TAMS 0x000000061b400000| PB 0x000000061b400000| Untracked |  0
|  81|0x000000061b800000, 0x000000061b800000, 0x000000061bc00000|  0%| F|  |TAMS 0x000000061b800000| PB 0x000000061b800000| Untracked |  0
|  82|0x000000061bc00000, 0x000000061bc00000, 0x000000061c000000|  0%| F|  |TAMS 0x000000061bc00000| PB 0x000000061bc00000| Untracked |  0
|  83|0x000000061c000000, 0x000000061c000000, 0x000000061c400000|  0%| F|  |TAMS 0x000000061c000000| PB 0x000000061c000000| Untracked |  0
|  84|0x000000061c400000, 0x000000061c400000, 0x000000061c800000|  0%| F|  |TAMS 0x000000061c400000| PB 0x000000061c400000| Untracked |  0
|  85|0x000000061c800000, 0x000000061c800000, 0x000000061cc00000|  0%| F|  |TAMS 0x000000061c800000| PB 0x000000061c800000| Untracked |  0
|  86|0x000000061cc00000, 0x000000061cc00000, 0x000000061d000000|  0%| F|  |TAMS 0x000000061cc00000| PB 0x000000061cc00000| Untracked |  0
|  87|0x000000061d000000, 0x000000061d000000, 0x000000061d400000|  0%| F|  |TAMS 0x000000061d000000| PB 0x000000061d000000| Untracked |  0
|  88|0x000000061d400000, 0x000000061d400000, 0x000000061d800000|  0%| F|  |TAMS 0x000000061d400000| PB 0x000000061d400000| Untracked |  0
|  89|0x000000061d800000, 0x000000061d800000, 0x000000061dc00000|  0%| F|  |TAMS 0x000000061d800000| PB 0x000000061d800000| Untracked |  0
|  90|0x000000061dc00000, 0x000000061dc00000, 0x000000061e000000|  0%| F|  |TAMS 0x000000061dc00000| PB 0x000000061dc00000| Untracked |  0
|  91|0x000000061e000000, 0x000000061e000000, 0x000000061e400000|  0%| F|  |TAMS 0x000000061e000000| PB 0x000000061e000000| Untracked |  0
|  92|0x000000061e400000, 0x000000061e400000, 0x000000061e800000|  0%| F|  |TAMS 0x000000061e400000| PB 0x000000061e400000| Untracked |  0
|  93|0x000000061e800000, 0x000000061e800000, 0x000000061ec00000|  0%| F|  |TAMS 0x000000061e800000| PB 0x000000061e800000| Untracked |  0
|  94|0x000000061ec00000, 0x000000061ec00000, 0x000000061f000000|  0%| F|  |TAMS 0x000000061ec00000| PB 0x000000061ec00000| Untracked |  0
|  95|0x000000061f000000, 0x000000061f000000, 0x000000061f400000|  0%| F|  |TAMS 0x000000061f000000| PB 0x000000061f000000| Untracked |  0
|  96|0x000000061f400000, 0x000000061f400000, 0x000000061f800000|  0%| F|  |TAMS 0x000000061f400000| PB 0x000000061f400000| Untracked |  0
|  97|0x000000061f800000, 0x000000061f800000, 0x000000061fc00000|  0%| F|  |TAMS 0x000000061f800000| PB 0x000000061f800000| Untracked |  0
|  98|0x000000061fc00000, 0x000000061fc00000, 0x0000000620000000|  0%| F|  |TAMS 0x000000061fc00000| PB 0x000000061fc00000| Untracked |  0
|  99|0x0000000620000000, 0x0000000620000000, 0x0000000620400000|  0%| F|  |TAMS 0x0000000620000000| PB 0x0000000620000000| Untracked |  0
| 100|0x0000000620400000, 0x0000000620400000, 0x0000000620800000|  0%| F|  |TAMS 0x0000000620400000| PB 0x0000000620400000| Untracked |  0
| 101|0x0000000620800000, 0x0000000620800000, 0x0000000620c00000|  0%| F|  |TAMS 0x0000000620800000| PB 0x0000000620800000| Untracked |  0
| 102|0x0000000620c00000, 0x0000000620c00000, 0x0000000621000000|  0%| F|  |TAMS 0x0000000620c00000| PB 0x0000000620c00000| Untracked |  0
| 103|0x0000000621000000, 0x0000000621000000, 0x0000000621400000|  0%| F|  |TAMS 0x0000000621000000| PB 0x0000000621000000| Untracked |  0
| 104|0x0000000621400000, 0x0000000621400000, 0x0000000621800000|  0%| F|  |TAMS 0x0000000621400000| PB 0x0000000621400000| Untracked |  0
| 105|0x0000000621800000, 0x0000000621800000, 0x0000000621c00000|  0%| F|  |TAMS 0x0000000621800000| PB 0x0000000621800000| Untracked |  0
| 106|0x0000000621c00000, 0x0000000621c00000, 0x0000000622000000|  0%| F|  |TAMS 0x0000000621c00000| PB 0x0000000621c00000| Untracked |  0
| 107|0x0000000622000000, 0x0000000622000000, 0x0000000622400000|  0%| F|  |TAMS 0x0000000622000000| PB 0x0000000622000000| Untracked |  0
| 108|0x0000000622400000, 0x0000000622400000, 0x0000000622800000|  0%| F|  |TAMS 0x0000000622400000| PB 0x0000000622400000| Untracked |  0
| 109|0x0000000622800000, 0x0000000622800000, 0x0000000622c00000|  0%| F|  |TAMS 0x0000000622800000| PB 0x0000000622800000| Untracked |  0
| 110|0x0000000622c00000, 0x0000000622c00000, 0x0000000623000000|  0%| F|  |TAMS 0x0000000622c00000| PB 0x0000000622c00000| Untracked |  0
| 111|0x0000000623000000, 0x0000000623000000, 0x0000000623400000|  0%| F|  |TAMS 0x0000000623000000| PB 0x0000000623000000| Untracked |  0
| 112|0x0000000623400000, 0x0000000623400000, 0x0000000623800000|  0%| F|  |TAMS 0x0000000623400000| PB 0x0000000623400000| Untracked |  0
| 113|0x0000000623800000, 0x0000000623800000, 0x0000000623c00000|  0%| F|  |TAMS 0x0000000623800000| PB 0x0000000623800000| Untracked |  0
| 114|0x0000000623c00000, 0x0000000623c00000, 0x0000000624000000|  0%| F|  |TAMS 0x0000000623c00000| PB 0x0000000623c00000| Untracked |  0
| 115|0x0000000624000000, 0x0000000624000000, 0x0000000624400000|  0%| F|  |TAMS 0x0000000624000000| PB 0x0000000624000000| Untracked |  0
| 116|0x0000000624400000, 0x0000000624400000, 0x0000000624800000|  0%| F|  |TAMS 0x0000000624400000| PB 0x0000000624400000| Untracked |  0
| 117|0x0000000624800000, 0x0000000624800000, 0x0000000624c00000|  0%| F|  |TAMS 0x0000000624800000| PB 0x0000000624800000| Untracked |  0
| 118|0x0000000624c00000, 0x0000000624c00000, 0x0000000625000000|  0%| F|  |TAMS 0x0000000624c00000| PB 0x0000000624c00000| Untracked |  0
| 119|0x0000000625000000, 0x0000000625000000, 0x0000000625400000|  0%| F|  |TAMS 0x0000000625000000| PB 0x0000000625000000| Untracked |  0
| 120|0x0000000625400000, 0x0000000625400000, 0x0000000625800000|  0%| F|  |TAMS 0x0000000625400000| PB 0x0000000625400000| Untracked |  0
| 121|0x0000000625800000, 0x0000000625800000, 0x0000000625c00000|  0%| F|  |TAMS 0x0000000625800000| PB 0x0000000625800000| Untracked |  0
| 122|0x0000000625c00000, 0x0000000625c00000, 0x0000000626000000|  0%| F|  |TAMS 0x0000000625c00000| PB 0x0000000625c00000| Untracked |  0
| 123|0x0000000626000000, 0x0000000626000000, 0x0000000626400000|  0%| F|  |TAMS 0x0000000626000000| PB 0x0000000626000000| Untracked |  0
| 124|0x0000000626400000, 0x0000000626773da0, 0x0000000626800000| 86%| E|  |TAMS 0x0000000626400000| PB 0x0000000626400000| Complete |  0
| 125|0x0000000626800000, 0x0000000626c00000, 0x0000000626c00000|100%| E|CS|TAMS 0x0000000626800000| PB 0x0000000626800000| Complete |  0
| 126|0x0000000626c00000, 0x0000000627000000, 0x0000000627000000|100%| E|CS|TAMS 0x0000000626c00000| PB 0x0000000626c00000| Complete |  0
|2018|0x00000007ffc00000, 0x00000007ffd1d248, 0x0000000800000000| 27%| O|  |TAMS 0x00000007ffc00000| PB 0x00000007ffc00000| Untracked |  0

Card table byte_map: [0x0000021fe9970000,0x0000021fea940000] _byte_map_base: 0x0000021fe6936000

Marking Bits: (CMBitMap*) 0x0000021fd03d7420
 Bits: [0x0000021fea940000, 0x0000021ff2770000)

Polling page: 0x0000021fcde60000

Metaspace:

Usage:
  Non-class:      3.42 MB used.
      Class:    197.91 KB used.
       Both:      3.61 MB used.

Virtual space:
  Non-class space:       64.00 MB reserved,       3.50 MB (  5%) committed,  1 nodes.
      Class space:        1.00 GB reserved,     256.00 KB ( <1%) committed,  1 nodes.
             Both:        1.06 GB reserved,       3.75 MB ( <1%) committed. 

Chunk freelists:
   Non-Class:  10.27 MB
       Class:  15.66 MB
        Both:  25.92 MB

MaxMetaspaceSize: unlimited
CompressedClassSpaceSize: 1.00 GB
Initial GC threshold: 21.00 MB
Current GC threshold: 21.00 MB
CDS: on
 - commit_granule_bytes: 65536.
 - commit_granule_words: 8192.
 - virtual_space_node_default_size: 8388608.
 - enlarge_chunks_in_place: 1.
UseCompressedClassPointers 1, UseCompactObjectHeaders 0
Narrow klass pointer bits 32, Max shift 3
Narrow klass base: 0x0000021f80000000, Narrow klass shift: 0
Encoding Range: [0x0000021f80000000 - 0x0000022080000000), (4294967296 bytes)
Klass Range:    [0x0000021f80000000 - 0x0000021fc1000000), (1090519040 bytes)
Klass ID Range:  [8 - 1090519033) (1090519025)


Internal statistics:

num_allocs_failed_limit: 0.
num_arena_births: 76.
num_arena_deaths: 0.
num_vsnodes_births: 2.
num_vsnodes_deaths: 0.
num_space_committed: 59.
num_space_uncommitted: 0.
num_chunks_returned_to_freelist: 0.
num_chunks_taken_from_freelist: 175.
num_chunk_merges: 0.
num_chunk_splits: 106.
num_chunks_enlarged: 60.
num_inconsistent_stats: 0.

CodeHeap 'non-profiled nmethods': size=119232Kb used=199Kb max_used=199Kb free=119032Kb
 bounds [0x0000021fe0760000, 0x0000021fe09d0000, 0x0000021fe7bd0000]
CodeHeap 'profiled nmethods': size=119104Kb used=1099Kb max_used=1099Kb free=118004Kb
 bounds [0x0000021fd8bd0000, 0x0000021fd8e40000, 0x0000021fe0020000]
CodeHeap 'non-nmethods': size=7424Kb used=3548Kb max_used=3562Kb free=3875Kb
 bounds [0x0000021fe0020000, 0x0000021fe03a0000, 0x0000021fe0760000]
CodeCache: size=245760Kb, used=4846Kb, max_used=4860Kb, free=240911Kb
 total_blobs=1866, nmethods=820, adapters=949, full_count=0
Compilation: enabled, stopped_count=0, restarted_count=0

Compilation events (20 events):
Event: 0.356 Thread 0x0000021fc109e020 nmethod 811 0x0000021fd8cdee88 code [0x0000021fd8cdefc0, 0x0000021fd8cdf1a0]
Event: 0.356 Thread 0x0000021fc109e020  813       3       jdk.internal.loader.BuiltinClassLoader::loadClassOrNull (7 bytes)
Event: 0.356 Thread 0x0000021fc109c970 nmethod 810 0x0000021fd8cdf208 code [0x0000021fd8cdf340, 0x0000021fd8cdf6a8]
Event: 0.356 Thread 0x0000021fc109e020 nmethod 813 0x0000021fd8cdf708 code [0x0000021fd8cdf820, 0x0000021fd8cdf9f8]
Event: 0.356 Thread 0x0000021fc109d890 nmethod 812 0x0000021fd8cdfa08 code [0x0000021fd8cdfba0, 0x0000021fd8ce04b0]
Event: 0.356 Thread 0x0000021fc109e7b0 nmethod 809 0x0000021fd8ce0508 code [0x0000021fd8ce0740, 0x0000021fd8ce17b8]
Event: 0.356 Thread 0x0000021fc109e020  814       3       com.programacion.paralela.FractalCpu::divergente_2 (106 bytes)
Event: 0.357 Thread 0x0000021fc109e020 nmethod 814 0x0000021fd8ce1888 code [0x0000021fd8ce19e0, 0x0000021fd8ce1cd0]
Event: 0.357 Thread 0x0000021fc1099f90  815       4       com.programacion.paralela.FractalCpu::divergente_2 (106 bytes)
Event: 0.358 Thread 0x0000021fc1099f90 nmethod 815 0x0000021fe0791188 code [0x0000021fe07912c0, 0x0000021fe0791478]
Event: 0.358 Thread 0x0000021fc109d890  816       3       com.programacion.paralela.FractalCpu::divergente_2 (106 bytes)
Event: 0.358 Thread 0x0000021fc109d890 nmethod 816 0x0000021fd8ce1d08 code [0x0000021fd8ce1e60, 0x0000021fd8ce2150]
Event: 0.358 Thread 0x0000021fc1099f90  817       4       com.programacion.paralela.FractalCpu::divergente_2 (106 bytes)
Event: 0.359 Thread 0x0000021fc109e020  818 %     3       com.programacion.paralela.FractalCpu::julia_serial_2 @ 38 (107 bytes)
Event: 0.359 Thread 0x0000021fc109e020 nmethod 818% 0x0000021fd8ce2188 code [0x0000021fd8ce2300, 0x0000021fd8ce2738]
Event: 0.359 Thread 0x0000021fc109e020  819       3       com.programacion.paralela.FractalCpu::julia_serial_2 (107 bytes)
Event: 0.359 Thread 0x0000021fc109e020 nmethod 819 0x0000021fd8ce2788 code [0x0000021fd8ce2900, 0x0000021fd8ce2c80]
Event: 0.359 Thread 0x0000021fc1099f90 nmethod 817 0x0000021fe0791508 code [0x0000021fe0791620, 0x0000021fe0791868]
Event: 0.359 Thread 0x0000021fc1099f90  820 %     4       com.programacion.paralela.FractalCpu::julia_serial_2 @ 38 (107 bytes)
Event: 0.362 Thread 0x0000021fc1099f90 nmethod 820% 0x0000021fe0791888 code [0x0000021fe07919c0, 0x0000021fe0791d68]

GC Heap History (0 events):
No events

Dll operation events (8 events):
Event: 0.004 Loaded shared library C:\Program Files\Java\jdk-24\bin\java.dll
Event: 0.019 Loaded shared library C:\Program Files\Java\jdk-24\bin\jsvml.dll
Event: 0.024 Loaded shared library C:\Program Files\Java\jdk-24\bin\net.dll
Event: 0.025 Loaded shared library C:\Program Files\Java\jdk-24\bin\nio.dll
Event: 0.032 Loaded shared library C:\Program Files\Java\jdk-24\bin\zip.dll
Event: 0.066 Loaded shared library C:\Program Files\Java\jdk-24\bin\jimage.dll
Event: 0.078 Loaded shared library C:\Users\fing.labcom\AppData\Local\Temp\lwjgl_fing.labcom\3.3.6+1\x64\lwjgl.dll
Event: 0.193 Loaded shared library C:\Users\fing.labcom\AppData\Local\Temp\lwjgl_fing.labcom\3.3.6+1\x64\lwjgl_opengl.dll

Deoptimization events (10 events):
Event: 0.358 Thread 0x0000021fcdeb27f0 Uncommon trap: trap_request=0xffffff4d fr.pc=0x0000021fe0791338 relative=0x0000000000000078
Event: 0.358 Thread 0x0000021fcdeb27f0 Uncommon trap: reason=unstable_if action=reinterpret pc=0x0000021fe0791338 method=com.programacion.paralela.FractalCpu.divergente_2(DD)I @ 86 c2
Event: 0.358 Thread 0x0000021fcdeb27f0 DEOPT PACKING pc=0x0000021fe0791338 sp=0x000000ea33eff060
Event: 0.358 Thread 0x0000021fcdeb27f0 DEOPT UNPACKING pc=0x0000021fe0137802 sp=0x000000ea33efefb0 mode 2
Event: 0.362 Thread 0x0000021fcdeb27f0 DEOPT PACKING pc=0x0000021fd8ce2685 sp=0x000000ea33eff0d0
Event: 0.362 Thread 0x0000021fcdeb27f0 DEOPT UNPACKING pc=0x0000021fe0075722 sp=0x000000ea33efe580 mode 0
Event: 0.371 Thread 0x0000021fcdeb27f0 Uncommon trap: trap_request=0xffffff4d fr.pc=0x0000021fe0791cfc relative=0x000000000000033c
Event: 0.371 Thread 0x0000021fcdeb27f0 Uncommon trap: reason=unstable_if action=reinterpret pc=0x0000021fe0791cfc method=com.programacion.paralela.FractalCpu.julia_serial_2()V @ 32 c2
Event: 0.371 Thread 0x0000021fcdeb27f0 DEOPT PACKING pc=0x0000021fe0791cfc sp=0x000000ea33eff100
Event: 0.371 Thread 0x0000021fcdeb27f0 DEOPT UNPACKING pc=0x0000021fe0137802 sp=0x000000ea33eff080 mode 2

Classes loaded (20 events):
Event: 0.113 Loading class java/util/stream/WhileOps$1Op$1OpSink
Event: 0.113 Loading class java/util/stream/WhileOps$DropWhileSink
Event: 0.113 Loading class java/util/stream/WhileOps$DropWhileSink done
Event: 0.113 Loading class java/util/stream/WhileOps$1Op$1OpSink done
Event: 0.114 Loading class java/lang/foreign/MemorySegment
Event: 0.115 Loading class java/lang/foreign/MemorySegment done
Event: 0.117 Loading class java/nio/InvalidMarkException
Event: 0.117 Loading class java/nio/InvalidMarkException done
Event: 0.117 Loading class java/nio/BufferUnderflowException
Event: 0.117 Loading class java/nio/BufferUnderflowException done
Event: 0.129 Loading class java/lang/NoSuchFieldError
Event: 0.129 Loading class java/lang/NoSuchFieldError done
Event: 0.132 Loading class jdk/internal/reflect/MethodHandleIntegerFieldAccessorImpl
Event: 0.132 Loading class jdk/internal/reflect/MethodHandleIntegerFieldAccessorImpl done
Event: 0.332 Loading class jdk/internal/foreign/MemorySessionImpl
Event: 0.332 Loading class java/lang/foreign/MemorySegment$Scope
Event: 0.332 Loading class java/lang/foreign/MemorySegment$Scope done
Event: 0.332 Loading class jdk/internal/foreign/MemorySessionImpl done
Event: 0.332 Loading class java/util/StringTokenizer
Event: 0.332 Loading class java/util/StringTokenizer done

Classes unloaded (0 events):
No events

Classes redefined (0 events):
No events

Internal exceptions (20 events):
Event: 0.061 Thread 0x0000021fcdeb27f0 Exception <a 'java/lang/NoSuchMethodError'{0x000000062681a0a8}: 'void java.lang.invoke.DelegatingMethodHandle$Holder.delegate(java.lang.Object, java.lang.Object, int, java.lang.Object)'> (0x000000062681a0a8) 
thrown [s\open\src\hotspot\share\interpreter\linkResolver.cpp, line 805]
Event: 0.061 Thread 0x0000021fcdeb27f0 Exception <a 'java/lang/NoSuchMethodError'{0x0000000626822b18}: 'int java.lang.invoke.DirectMethodHandle$Holder.invokeSpecial(java.lang.Object, java.lang.Object, java.lang.Object)'> (0x0000000626822b18) 
thrown [s\open\src\hotspot\share\interpreter\linkResolver.cpp, line 805]
Event: 0.064 Thread 0x0000021fcdeb27f0 Exception <a 'java/lang/NoSuchMethodError'{0x0000000626865158}: 'void java.lang.System.loadLibrary(java.lang.String, java.lang.Class)'> (0x0000000626865158) 
thrown [s\open\src\hotspot\share\interpreter\linkResolver.cpp, line 805]
Event: 0.081 Thread 0x0000021fcdeb27f0 Exception <a 'sun/nio/fs/WindowsException'{0x00000006268a2000}> (0x00000006268a2000) 
thrown [s\open\src\hotspot\share\prims\jni.cpp, line 518]
Event: 0.081 Thread 0x0000021fcdeb27f0 Exception <a 'sun/nio/fs/WindowsException'{0x00000006268a25c8}> (0x00000006268a25c8) 
thrown [s\open\src\hotspot\share\prims\jni.cpp, line 518]
Event: 0.109 Thread 0x0000021fcdeb27f0 Exception <a 'java/lang/NoSuchMethodError'{0x0000000626b12d50}: 'int java.lang.invoke.DirectMethodHandle$Holder.invokeStaticInit(java.lang.Object, java.lang.Object, int, long)'> (0x0000000626b12d50) 
thrown [s\open\src\hotspot\share\interpreter\linkResolver.cpp, line 805]
Event: 0.110 Thread 0x0000021fcdeb27f0 Exception <a 'java/lang/NoSuchMethodError'{0x0000000626b22098}: 'java.lang.Object java.lang.invoke.DirectMethodHandle$Holder.newInvokeSpecial(java.lang.Object, java.lang.Object, int)'> (0x0000000626b22098) 
thrown [s\open\src\hotspot\share\interpreter\linkResolver.cpp, line 805]
Event: 0.115 Thread 0x0000021fcdeb27f0 Exception <a 'java/lang/NoSuchMethodError'{0x0000000626b6e9a8}: 'int java.lang.invoke.DirectMethodHandle$Holder.invokeStaticInit(java.lang.Object, java.lang.Object, long, long)'> (0x0000000626b6e9a8) 
thrown [s\open\src\hotspot\share\interpreter\linkResolver.cpp, line 805]
Event: 0.116 Thread 0x0000021fcdeb27f0 Exception <a 'java/lang/NoSuchMethodError'{0x0000000626b7dd38}: 'java.lang.Object java.lang.invoke.DirectMethodHandle$Holder.newInvokeSpecial(java.lang.Object, java.lang.Object, long)'> (0x0000000626b7dd38) 
thrown [s\open\src\hotspot\share\interpreter\linkResolver.cpp, line 805]
Event: 0.116 Thread 0x0000021fcdeb27f0 Exception <a 'java/lang/NoSuchMethodError'{0x0000000626b86a58}: 'java.lang.Object java.lang.invoke.Invokers$Holder.linkToTargetMethod(java.lang.Object, long, java.lang.Object)'> (0x0000000626b86a58) 
thrown [s\open\src\hotspot\share\interpreter\linkResolver.cpp, line 805]
Event: 0.116 Thread 0x0000021fcdeb27f0 Exception <a 'java/lang/NoSuchMethodError'{0x0000000626b97040}: 'int java.lang.invoke.DirectMethodHandle$Holder.invokeStaticInit(java.lang.Object, java.lang.Object, java.lang.Object, long)'> (0x0000000626b97040) 
thrown [s\open\src\hotspot\share\interpreter\linkResolver.cpp, line 805]
Event: 0.128 Thread 0x0000021fcdeb27f0 Exception <a 'sun/nio/fs/WindowsException'{0x0000000626435fa8}> (0x0000000626435fa8) 
thrown [s\open\src\hotspot\share\prims\jni.cpp, line 518]
Event: 0.128 Thread 0x0000021fcdeb27f0 Exception <a 'sun/nio/fs/WindowsException'{0x0000000626436350}> (0x0000000626436350) 
thrown [s\open\src\hotspot\share\prims\jni.cpp, line 518]
Event: 0.132 Thread 0x0000021fcdeb27f0 Exception <a 'java/lang/NoSuchMethodError'{0x00000006264472e8}: 'int java.lang.invoke.Invokers$Holder.invokeExact_MT(java.lang.Object, java.lang.Object)'> (0x00000006264472e8) 
thrown [s\open\src\hotspot\share\interpreter\linkResolver.cpp, line 805]
Event: 0.189 Thread 0x0000021fcdeb27f0 Exception <a 'java/lang/NoSuchMethodError'{0x00000006264be3c8}: 'void java.lang.System.load(java.lang.String, java.lang.Class)'> (0x00000006264be3c8) 
thrown [s\open\src\hotspot\share\interpreter\linkResolver.cpp, line 805]
Event: 0.190 Thread 0x0000021fcdeb27f0 Exception <a 'java/lang/NoSuchMethodError'{0x00000006264c6218}: 'void java.lang.System.loadLibrary(java.lang.String, java.lang.Class)'> (0x00000006264c6218) 
thrown [s\open\src\hotspot\share\interpreter\linkResolver.cpp, line 805]
Event: 0.192 Thread 0x0000021fcdeb27f0 Exception <a 'sun/nio/fs/WindowsException'{0x00000006264d9ec8}> (0x00000006264d9ec8) 
thrown [s\open\src\hotspot\share\prims\jni.cpp, line 518]
Event: 0.192 Thread 0x0000021fcdeb27f0 Exception <a 'sun/nio/fs/WindowsException'{0x00000006264da2a8}> (0x00000006264da2a8) 
thrown [s\open\src\hotspot\share\prims\jni.cpp, line 518]
Event: 0.195 Thread 0x0000021fcdeb27f0 Exception <a 'sun/nio/fs/WindowsException'{0x00000006264e31c8}> (0x00000006264e31c8) 
thrown [s\open\src\hotspot\share\prims\jni.cpp, line 518]
Event: 0.195 Thread 0x0000021fcdeb27f0 Exception <a 'sun/nio/fs/WindowsException'{0x00000006264e34e8}> (0x00000006264e34e8) 
thrown [s\open\src\hotspot\share\prims\jni.cpp, line 518]

VM Operations (0 events):
No events

Memory protections (0 events):
No events

Nmethod flushes (0 events):
No events

Events (14 events):
Event: 0.012 Thread 0x0000021fcdeb27f0 Thread added: 0x0000021fcdeb27f0
Event: 0.017 Thread 0x0000021fcdeb27f0 Thread added: 0x0000021ff2a6d8c0
Event: 0.017 Thread 0x0000021fcdeb27f0 Thread added: 0x0000021ff2a6e200
Event: 0.017 Thread 0x0000021fcdeb27f0 Thread added: 0x0000021ff2a72960
Event: 0.017 Thread 0x0000021fcdeb27f0 Thread added: 0x0000021ff2a736f0
Event: 0.017 Thread 0x0000021fcdeb27f0 Thread added: 0x0000021ff2a74350
Event: 0.017 Thread 0x0000021fcdeb27f0 Thread added: 0x0000021ff2a74fb0
Event: 0.017 Thread 0x0000021fcdeb27f0 Thread added: 0x0000021fc1099f90
Event: 0.017 Thread 0x0000021fcdeb27f0 Thread added: 0x0000021fc109d890
Event: 0.021 Thread 0x0000021fcdeb27f0 Thread added: 0x0000021fc112e9c0
Event: 0.022 Thread 0x0000021fcdeb27f0 Thread added: 0x0000021fc1137160
Event: 0.033 Thread 0x0000021fc109d890 Thread added: 0x0000021fc109e020
Event: 0.033 Thread 0x0000021fc109d890 Thread added: 0x0000021fc109e7b0
Event: 0.194 Thread 0x0000021fc109d890 Thread added: 0x0000021fc109c970


Dynamic libraries:
0x00007ff7d5f20000 - 0x00007ff7d5f30000 	C:\Program Files\Java\jdk-24\bin\java.exe
0x00007ffab2be0000 - 0x00007ffab2e48000 	C:\WINDOWS\SYSTEM32\ntdll.dll
0x00007ffab1540000 - 0x00007ffab1609000 	C:\WINDOWS\System32\KERNEL32.DLL
0x00007ffab0080000 - 0x00007ffab0478000 	C:\WINDOWS\System32\KERNELBASE.dll
0x00007ffaafd30000 - 0x00007ffaafe7b000 	C:\WINDOWS\System32\ucrtbase.dll
0x00007ffa9fbb0000 - 0x00007ffa9fbcb000 	C:\Program Files\Java\jdk-24\bin\VCRUNTIME140.dll
0x00007ffa9e790000 - 0x00007ffa9e7a6000 	C:\Program Files\Java\jdk-24\bin\jli.dll
0x00007ffab1940000 - 0x00007ffab1b07000 	C:\WINDOWS\System32\USER32.dll
0x00007ffaa1030000 - 0x00007ffaa12c4000 	C:\WINDOWS\WinSxS\amd64_microsoft.windows.common-controls_6595b64144ccf1df_6.0.26100.7019_none_3e06ffa0e335b8a8\COMCTL32.dll
0x00007ffab2900000 - 0x00007ffab29a9000 	C:\WINDOWS\System32\msvcrt.dll
0x00007ffab0670000 - 0x00007ffab0697000 	C:\WINDOWS\System32\win32u.dll
0x00007ffab2440000 - 0x00007ffab246b000 	C:\WINDOWS\System32\GDI32.dll
0x00007ffab0480000 - 0x00007ffab05ac000 	C:\WINDOWS\System32\gdi32full.dll
0x00007ffab06a0000 - 0x00007ffab0743000 	C:\WINDOWS\System32\msvcp_win.dll
0x00007ffab2650000 - 0x00007ffab2681000 	C:\WINDOWS\System32\IMM32.DLL
0x00007ffa9fc50000 - 0x00007ffa9fc5c000 	C:\Program Files\Java\jdk-24\bin\vcruntime140_1.dll
0x00007ffa72ea0000 - 0x00007ffa72f2e000 	C:\Program Files\Java\jdk-24\bin\msvcp140.dll
0x00007ff9e3ea0000 - 0x00007ff9e4c41000 	C:\Program Files\Java\jdk-24\bin\server\jvm.dll
0x00007ffab0a00000 - 0x00007ffab0ab4000 	C:\WINDOWS\System32\ADVAPI32.dll
0x00007ffab27b0000 - 0x00007ffab2856000 	C:\WINDOWS\System32\sechost.dll
0x00007ffab2690000 - 0x00007ffab27a8000 	C:\WINDOWS\System32\RPCRT4.dll
0x00007ffab1610000 - 0x00007ffab1684000 	C:\WINDOWS\System32\WS2_32.dll
0x00007ffaafb90000 - 0x00007ffaafbee000 	C:\WINDOWS\SYSTEM32\POWRPROF.dll
0x00007ffaa4c10000 - 0x00007ffaa4c45000 	C:\WINDOWS\SYSTEM32\WINMM.dll
0x00007ffaa8cb0000 - 0x00007ffaa8cbb000 	C:\WINDOWS\SYSTEM32\VERSION.dll
0x00007ffaafb70000 - 0x00007ffaafb84000 	C:\WINDOWS\SYSTEM32\UMPDC.dll
0x00007ffaaea50000 - 0x00007ffaaea6b000 	C:\WINDOWS\SYSTEM32\kernel.appcore.dll
0x00007ffa9e780000 - 0x00007ffa9e78a000 	C:\Program Files\Java\jdk-24\bin\jimage.dll
0x00007ffaad170000 - 0x00007ffaad3b2000 	C:\WINDOWS\SYSTEM32\DBGHELP.DLL
0x00007ffab2030000 - 0x00007ffab23bb000 	C:\WINDOWS\System32\combase.dll
0x00007ffab2570000 - 0x00007ffab2647000 	C:\WINDOWS\System32\OLEAUT32.dll
0x00007ffaa7de0000 - 0x00007ffaa7e1c000 	C:\WINDOWS\SYSTEM32\dbgcore.DLL
0x00007ffab0750000 - 0x00007ffab07f5000 	C:\WINDOWS\System32\bcryptPrimitives.dll
0x00007ffa97370000 - 0x00007ffa9738e000 	C:\Program Files\Java\jdk-24\bin\java.dll
0x00007ffab16a0000 - 0x00007ffab1837000 	C:\WINDOWS\System32\ole32.dll
0x00007ffab0b30000 - 0x00007ffab127f000 	C:\WINDOWS\System32\SHELL32.dll
0x00007ffaafe80000 - 0x00007ffaaffeb000 	C:\WINDOWS\System32\wintypes.dll
0x00007ffaad730000 - 0x00007ffaadf8d000 	C:\WINDOWS\SYSTEM32\windows.storage.dll
0x00007ffab1840000 - 0x00007ffab1932000 	C:\WINDOWS\System32\SHCORE.dll
0x00007ffab23c0000 - 0x00007ffab2427000 	C:\WINDOWS\System32\shlwapi.dll
0x00007ffaafc50000 - 0x00007ffaafc79000 	C:\WINDOWS\SYSTEM32\profapi.dll
0x00007ffa5d640000 - 0x00007ffa5d717000 	C:\Program Files\Java\jdk-24\bin\jsvml.dll
0x00007ffa9e760000 - 0x00007ffa9e770000 	C:\Program Files\Java\jdk-24\bin\net.dll
0x00007ffaaf000000 - 0x00007ffaaf06b000 	C:\WINDOWS\system32\mswsock.dll
0x00007ffa86030000 - 0x00007ffa86046000 	C:\Program Files\Java\jdk-24\bin\nio.dll
0x00007ffa90830000 - 0x00007ffa90847000 	C:\Program Files\Java\jdk-24\bin\zip.dll
0x00007ffa9a910000 - 0x00007ffa9a98e000 	C:\Users\fing.labcom\AppData\Local\Temp\lwjgl_fing.labcom\3.3.6+1\x64\lwjgl.dll
0x00007ffa5e8c0000 - 0x00007ffa5e949000 	C:\Users\FING~1.LAB\AppData\Local\Temp\lwjgl_fing.labcom\3.3.6+1\x64\glfw.dll
0x00007ffa5e160000 - 0x00007ffa5e1ab000 	C:\WINDOWS\SYSTEM32\dinput8.dll
0x00007ffa9fbf0000 - 0x00007ffa9fc0c000 	C:\WINDOWS\SYSTEM32\xinput1_4.dll
0x00007ffaaf8b0000 - 0x00007ffaaf907000 	C:\WINDOWS\SYSTEM32\cfgmgr32.dll
0x00007ffaaf880000 - 0x00007ffaaf8ad000 	C:\WINDOWS\SYSTEM32\DEVOBJ.dll
0x00007ffaacbb0000 - 0x00007ffaacbe0000 	C:\WINDOWS\SYSTEM32\dwmapi.dll
0x00007ffa92b60000 - 0x00007ffa92d41000 	C:\WINDOWS\SYSTEM32\inputhost.dll
0x00007ffaa3610000 - 0x00007ffaa3737000 	C:\WINDOWS\SYSTEM32\CoreMessaging.dll
0x00007ffaac810000 - 0x00007ffaac8ba000 	C:\WINDOWS\system32\uxtheme.dll
0x00007ffab2a30000 - 0x00007ffab2b8e000 	C:\WINDOWS\System32\MSCTF.dll
0x00007ffaaf250000 - 0x00007ffaaf25c000 	C:\WINDOWS\SYSTEM32\CRYPTBASE.DLL
0x00007ffa180b0000 - 0x00007ffa181bc000 	C:\WINDOWS\SYSTEM32\opengl32.dll
0x00007ffa4a6c0000 - 0x00007ffa4a6ed000 	C:\WINDOWS\SYSTEM32\GLU32.dll
0x00007ffaac9e0000 - 0x00007ffaaca23000 	C:\WINDOWS\SYSTEM32\dxcore.dll
0x00007ffa95e60000 - 0x00007ffa95ec3000 	C:\WINDOWS\SYSTEM32\directxdatabasehelper.dll
0x00007ffaa6af0000 - 0x00007ffaa6b0a000 	C:\WINDOWS\SYSTEM32\windows.staterepositorycore.dll
0x00007ff9e1120000 - 0x00007ff9e266e000 	C:\WINDOWS\System32\DriverStore\FileRepository\iigd_dch.inf_amd64_d58084e364300e9b\igxelpicd64.dll
0x00007ffa86000000 - 0x00007ffa86023000 	C:\WINDOWS\SYSTEM32\d3d12.dll
0x00007ffaaca50000 - 0x00007ffaacb89000 	C:\WINDOWS\SYSTEM32\dxgi.dll
0x00007ffa5de70000 - 0x00007ffa5e012000 	C:\WINDOWS\System32\DriverStore\FileRepository\iigd_dch.inf_amd64_d58084e364300e9b\igdml64.dll
0x00007ffa8e680000 - 0x00007ffa8ec2b000 	C:\WINDOWS\System32\DriverStore\FileRepository\iigd_dch.inf_amd64_d58084e364300e9b\igdgmm64.dll
0x00007ffa890a0000 - 0x00007ffa8e340000 	C:\WINDOWS\System32\DriverStore\FileRepository\iigd_dch.inf_amd64_d58084e364300e9b\igc64.dll
0x00007ffa5e100000 - 0x00007ffa5e15d000 	C:\Users\fing.labcom\AppData\Local\Temp\lwjgl_fing.labcom\3.3.6+1\x64\lwjgl_opengl.dll
0x00007ffa9a0d0000 - 0x00007ffa9a217000 	C:\WINDOWS\SYSTEM32\textinputframework.dll
0x00007ffa93a50000 - 0x00007ffa93d32000 	C:\WINDOWS\SYSTEM32\CoreUIComponents.dll

JVMTI agents: none

dbghelp: loaded successfully - version: 4.0.5 - missing functions: none
symbol engine: initialized successfully - sym options: 0x614 - pdb path: .;C:\Program Files\Java\jdk-24\bin;C:\WINDOWS\SYSTEM32;C:\WINDOWS\WinSxS\amd64_microsoft.windows.common-controls_6595b64144ccf1df_6.0.26100.7019_none_3e06ffa0e335b8a8;C:\Program Files\Java\jdk-24\bin\server;C:\Users\fing.labcom\AppData\Local\Temp\lwjgl_fing.labcom\3.3.6+1\x64;C:\Users\FING~1.LAB\AppData\Local\Temp\lwjgl_fing.labcom\3.3.6+1\x64;C:\WINDOWS\System32\DriverStore\FileRepository\iigd_dch.inf_amd64_d58084e364300e9b

VM Arguments:
jvm_args: -Dfile.encoding=UTF-8 -Duser.country=EC -Duser.language=es -Duser.variant 
java_command: com.programacion.paralela.FractalMain
java_class_path (initial): C:\tools\fractal_java\build\classes\java\main;C:\tools\fractal_java\build\resources\main;C:\Users\fing.labcom\.gradle\caches\modules-2\files-2.1\org.lwjgl\lwjgl-glfw\3.3.6\7119f7d0eeb1e5502ff0ca71d2b4d47317da015\lwjgl-glfw-3.3.6.jar;C:\Users\fing.labcom\.gradle\caches\modules-2\files-2.1\org.lwjgl\lwjgl-glfw\3.3.6\99ef08056feb9627f90425a4d2a22cd9fae8e39b\lwjgl-glfw-3.3.6-natives-windows.jar;C:\Users\fing.labcom\.gradle\caches\modules-2\files-2.1\org.lwjgl\lwjgl-opengl\3.3.6\ac2532612a4df374e9a9282bcf8ce2573018ebbb\lwjgl-opengl-3.3.6.jar;C:\Users\fing.labcom\.gradle\caches\modules-2\files-2.1\org.lwjgl\lwjgl-opengl\3.3.6\18dc639ebc94aa5202c2157f7490d28997b697c5\lwjgl-opengl-3.3.6-natives-windows.jar;C:\Users\fing.labcom\.gradle\caches\modules-2\files-2.1\org.lwjgl\lwjgl\3.3.6\ce7721d30cfaf47feaed10213e0c43eb55c49d68\lwjgl-3.3.6.jar;C:\Users\fing.labcom\.gradle\caches\modules-2\files-2.1\org.lwjgl\lwjgl\3.3.6\9a29b6a22fc5184604b8cb434ee5d5ecc4bfcbee\lwjgl-3.3.6-natives-windows.jar
Launcher Type: SUN_STANDARD

[Global flags]
     intx CICompilerCount                          = 12                                        {product} {ergonomic}
     uint ConcGCThreads                            = 5                                         {product} {ergonomic}
     uint G1ConcRefinementThreads                  = 18                                        {product} {ergonomic}
   size_t G1HeapRegionSize                         = 4194304                                   {product} {ergonomic}
   size_t InitialHeapSize                          = 532676608                                 {product} {ergonomic}
   size_t MarkStackSize                            = 4194304                                   {product} {ergonomic}
   size_t MarkStackSizeMax                         = 536870912                                 {product} {ergonomic}
   size_t MaxHeapSize                              = 8468299776                                {product} {ergonomic}
   size_t MaxNewSize                               = 5079302144                                {product} {ergonomic}
   size_t MinHeapDeltaBytes                        = 4194304                                   {product} {ergonomic}
   size_t MinHeapSize                              = 8388608                                   {product} {ergonomic}
    uintx NonNMethodCodeHeapSize                   = 7602176                                {pd product} {ergonomic}
    uintx NonProfiledCodeHeapSize                  = 122093568                              {pd product} {ergonomic}
    uintx ProfiledCodeHeapSize                     = 121962496                              {pd product} {ergonomic}
    uintx ReservedCodeCacheSize                    = 251658240                              {pd product} {ergonomic}
     bool SegmentedCodeCache                       = true                                      {product} {ergonomic}
   size_t SoftMaxHeapSize                          = 8468299776                             {manageable} {ergonomic}
     bool UseCompressedOops                        = true                           {product lp64_product} {ergonomic}
     bool UseG1GC                                  = true                                      {product} {ergonomic}
     bool UseLargePagesIndividualAllocation        = false                                  {pd product} {ergonomic}

Logging:
Log output configuration:
 #0: stdout all=warning uptime,level,tags foldmultilines=false
 #1: stderr all=off uptime,level,tags foldmultilines=false

Environment Variables:
JAVA_HOME=C:\Program Files\Java\jdk-24
PATH=C:\Program Files\NVIDIA GPU Computing Toolkit\CUDA\v13.0\bin\x64;C:\Program Files\NVIDIA GPU Computing Toolkit\CUDA\v13.0\bin;C:\Program Files (x86)\NVIDIA Corporation\PhysX\Common;C:\Program Files (x86)\VMware\VMware Workstation\bin\;C:\Program Files\Microsoft MPI\Bin\;C:\Program Files\Common Files\Oracle\Java\javapath;C:\WINDOWS\system32;C:\WINDOWS;C:\WINDOWS\System32\Wbem;C:\WINDOWS\System32\WindowsPowerShell\v1.0\;C:\WINDOWS\System32\OpenSSH\;C:\Program Files (x86)\Microsoft SQL Server\160\Tools\Binn\;C:\Program Files\Microsoft SQL Server\160\Tools\Binn\;C:\Program Files\Microsoft SQL Server\Client SDK\ODBC\170\Tools\Binn\;C:\Program Files\Microsoft SQL Server\160\DTS\Binn\;C:\Program Files (x86)\Microsoft SQL Server\160\DTS\Binn\;C:\Program Files\Microsoft SQL Server\150\Tools\Binn\;C:\Program Files\dotnet\;C:\Program Files (x86)\Windows Kits\10\Windows Performance Toolkit\;C:\Program Files (x86)\Windows Kits\8.1\Windows Performance Toolkit\;C:\Program Files\Git\cmd;C:\Program Files\nodejs\;C:\Program Files\MongoDB\Server\8.0\bin;C:\Program Files\Docker\Docker\resources\bin;C:\Program Files\Amazon\AWSCLIV2\;C:\Program Files\NVIDIA Corporation\Nsight Compute 2025.3.1\;C:\Program Files\Common Files\Autodesk Shared\;C:\tools\mingw64\bin;C:\Users\fing.labcom\AppData\Local\Microsoft\WindowsApps;C:\Users\fing.labcom\AppData\Local\Programs\Microsoft VS Code\bin;C:\Users\fing.labcom\AppData\Local\GitHubDesktop\bin;C:\Users\fing.labcom\.dotnet\tools
USERNAME=fing.labcom
OS=Windows_NT
PROCESSOR_IDENTIFIER=Intel64 Family 6 Model 183 Stepping 1, GenuineIntel
TMP=C:\Users\FING~1.LAB\AppData\Local\Temp
TEMP=C:\Users\FING~1.LAB\AppData\Local\Temp




Periodic native trim disabled

---------------  S Y S T E M  ---------------

OS:
 Windows 11 , 64 bit Build 26100 (10.0.26100.7019)
OS uptime: 1 days 16:33 hours
Hyper-V role detected

CPU: total 24 (initial active 24) (12 cores per cpu, 2 threads per core) family 6 model 183 stepping 1 microcode 0x113, cx8, cmov, fxsr, ht, mmx, 3dnowpref, sse, sse2, sse3, ssse3, sse4.1, sse4.2, popcnt, lzcnt, tsc, tscinvbit, avx, avx2, aes, erms, clmul, bmi1, bmi2, adx, sha, fma, vzeroupper, clflush, clflushopt, clwb, hv, serialize, rdtscp, rdpid, fsrm, gfni, f16c, cet_ibt, cet_ss
Processor Information for processor 0
  Max Mhz: 1400, Current Mhz: 1400, Mhz Limit: 1400
Processor Information for processor 1
  Max Mhz: 1400, Current Mhz: 1400, Mhz Limit: 1400
Processor Information for processor 2
  Max Mhz: 1400, Current Mhz: 1400, Mhz Limit: 1400
Processor Information for processor 3
  Max Mhz: 1400, Current Mhz: 1400, Mhz Limit: 1400
Processor Information for processor 4
  Max Mhz: 1400, Current Mhz: 1400, Mhz Limit: 1400
Processor Information for processor 5
  Max Mhz: 1400, Current Mhz: 1400, Mhz Limit: 1400
Processor Information for processor 6
  Max Mhz: 1400, Current Mhz: 1400, Mhz Limit: 1400
Processor Information for processor 7
  Max Mhz: 1400, Current Mhz: 1400, Mhz Limit: 1400
Processor Information for processor 8
  Max Mhz: 1400, Current Mhz: 1400, Mhz Limit: 1400
Processor Information for processor 9
  Max Mhz: 1400, Current Mhz: 1400, Mhz Limit: 1400
Processor Information for processor 10
  Max Mhz: 1400, Current Mhz: 1400, Mhz Limit: 1400
Processor Information for processor 11
  Max Mhz: 1400, Current Mhz: 1400, Mhz Limit: 1400
Processor Information for processor 12
  Max Mhz: 1400, Current Mhz: 1400, Mhz Limit: 1400
Processor Information for processor 13
  Max Mhz: 1400, Current Mhz: 1400, Mhz Limit: 1400
Processor Information for processor 14
  Max Mhz: 1400, Current Mhz: 1400, Mhz Limit: 1400
Processor Information for processor 15
  Max Mhz: 1400, Current Mhz: 1400, Mhz Limit: 1400
Processor Information for processor 16
  Max Mhz: 1400, Current Mhz: 1000, Mhz Limit: 994
Processor Information for processor 17
  Max Mhz: 1400, Current Mhz: 1000, Mhz Limit: 994
Processor Information for processor 18
  Max Mhz: 1400, Current Mhz: 1000, Mhz Limit: 994
Processor Information for processor 19
  Max Mhz: 1400, Current Mhz: 1000, Mhz Limit: 994
Processor Information for processor 20
  Max Mhz: 1400, Current Mhz: 1000, Mhz Limit: 994
Processor Information for processor 21
  Max Mhz: 1400, Current Mhz: 1000, Mhz Limit: 994
Processor Information for processor 22
  Max Mhz: 1400, Current Mhz: 1000, Mhz Limit: 994
Processor Information for processor 23
  Max Mhz: 1400, Current Mhz: 1000, Mhz Limit: 994

Memory: 4k page, system-wide physical 32298M (15465M free)
TotalPageFile size 34346M (AvailPageFile size 8513M)
current process WorkingSet (physical memory assigned to process): 177M, peak: 177M
current process commit charge ("private bytes"): 704M, peak: 704M

vm_info: Java HotSpot(TM) 64-Bit Server VM (24.0.2+12-54) for windows-amd64 JRE (24.0.2+12-54), built on 2025-07-08T12:10:27Z with MS VC++ 17.6 (VS2022)

END.
